<?xml version="1.0" encoding="UTF-8"?>
<testsuite name="com.larry.google.geminispringboot.GeminiSpringbootApplicationTests" tests="1" skipped="0" failures="0" errors="0" timestamp="2024-03-04T15:20:58" hostname="Larrys-MacBook-Air.local" time="0.577">
  <properties/>
  <testcase name="contextLoads()" classname="com.larry.google.geminispringboot.GeminiSpringbootApplicationTests" time="0.577"/>
  <system-out><![CDATA[Standard Commons Logging discovery in action with spring-jcl: please remove commons-logging.jar from classpath in order to avoid potential conflicts
23:20:56.167 [Test worker] INFO org.springframework.test.context.support.AnnotationConfigContextLoaderUtils -- Could not detect default configuration classes for test class [com.larry.google.geminispringboot.GeminiSpringbootApplicationTests]: GeminiSpringbootApplicationTests does not declare any static, non-private, non-final, nested classes annotated with @Configuration.
23:20:56.239 [Test worker] INFO org.springframework.boot.test.context.SpringBootTestContextBootstrapper -- Found @SpringBootConfiguration com.larry.google.geminispringboot.GeminiSpringbootApplication for test class com.larry.google.geminispringboot.GeminiSpringbootApplicationTests
  .   ____          _            __ _ _
 /\\ / ___'_ __ _ _(_)_ __  __ _ \ \ \ \
( ( )\___ | '_ | '_| | '_ \/ _` | \ \ \ \
 \\/  ___)| |_)| | | | | || (_| |  ) ) ) )
  '  |____| .__|_| |_|_| |_\__, | / / / /
 =========|_|==============|___/=/_/_/_/

 :: Spring Boot ::       (v3.3.0-SNAPSHOT)

2024-03-04T23:20:56.461+08:00  INFO 5848 --- [    Test worker] c.l.g.g.GeminiSpringbootApplicationTests : Starting GeminiSpringbootApplicationTests using Java 21.0.2 with PID 5848 (started by larrylo in /Users/larrylo/GeminiSpringBoot)
2024-03-04T23:20:56.462+08:00  INFO 5848 --- [    Test worker] c.l.g.g.GeminiSpringbootApplicationTests : No active profile set, falling back to 1 default profile: "default"
2024-03-04T23:20:58.029+08:00  INFO 5848 --- [    Test worker] o.s.b.a.e.web.EndpointLinksResolver      : Exposing 1 endpoint beneath base path '/actuator'
2024-03-04T23:20:58.112+08:00  INFO 5848 --- [    Test worker] c.l.g.g.GeminiSpringbootApplicationTests : Started GeminiSpringbootApplicationTests in 1.786 seconds (process running for 2.561)
]]></system-out>
  <system-err><![CDATA[WARNING: A Java agent has been loaded dynamically (/Users/larrylo/.gradle/caches/modules-2/files-2.1/net.bytebuddy/byte-buddy-agent/1.14.12/be4984cb6fd1ef1d11f218a648889dfda44b8a15/byte-buddy-agent-1.14.12.jar)
WARNING: If a serviceability tool is in use, please run with -XX:+EnableDynamicAgentLoading to hide this warning
WARNING: If a serviceability tool is not in use, please run with -Djdk.instrument.traceUsage for more information
WARNING: Dynamic loading of agents will be disallowed by default in a future release
]]></system-err>
</testsuite>
